2017.01.25 10:23 B C:\Users\hp\tobi\UX Work_files\africacode.png <-- Ipswitch /public_html/tobi/UX Work_files africacode.png
2017.01.25 10:23 B C:\Users\hp\tobi\UX Work_files\blogo.jpg <-- Ipswitch /public_html/tobi/UX Work_files blogo.jpg
2017.01.25 10:23 B C:\Users\hp\tobi\UX Work_files\blogo2.jpg <-- Ipswitch /public_html/tobi/UX Work_files blogo2.jpg
2017.01.25 10:23 B C:\Users\hp\tobi\UX Work_files\facebook.png <-- Ipswitch /public_html/tobi/UX Work_files facebook.png
2017.01.25 10:23 B C:\Users\hp\tobi\UX Work_files\font-awesome.min.css <-- Ipswitch /public_html/tobi/UX Work_files font-awesome.min.css
2017.01.25 10:23 B C:\Users\hp\tobi\UX Work_files\full.JPG <-- Ipswitch /public_html/tobi/UX Work_files full.JPG
2017.01.25 10:23 B C:\Users\hp\tobi\UX Work_files\gonow.jpg <-- Ipswitch /public_html/tobi/UX Work_files gonow.jpg
2017.01.25 10:23 B C:\Users\hp\tobi\UX Work_files\goNowPresentation.pdf <-- Ipswitch /public_html/tobi/UX Work_files goNowPresentation.pdf
2017.01.25 10:23 B C:\Users\hp\tobi\UX Work_files\gravata.JPG <-- Ipswitch /public_html/tobi/UX Work_files gravata.JPG
2017.01.25 10:23 B C:\Users\hp\tobi\UX Work_files\index.html <-- Ipswitch /public_html/tobi/UX Work_files index.html
2017.01.25 10:23 B C:\Users\hp\tobi\UX Work_files\jquery.min.js <-- Ipswitch /public_html/tobi/UX Work_files jquery.min.js
2017.01.25 10:23 B C:\Users\hp\tobi\UX Work_files\ktw.html <-- Ipswitch /public_html/tobi/UX Work_files ktw.html
2017.01.25 10:23 B C:\Users\hp\tobi\UX Work_files\ktw_logo.jpg <-- Ipswitch /public_html/tobi/UX Work_files ktw_logo.jpg
2017.01.25 10:23 B C:\Users\hp\tobi\UX Work_files\linkedin.png <-- Ipswitch /public_html/tobi/UX Work_files linkedin.png
2017.01.25 10:23 B C:\Users\hp\tobi\UX Work_files\main.css <-- Ipswitch /public_html/tobi/UX Work_files main.css
2017.01.25 10:23 B C:\Users\hp\tobi\UX Work_files\main.js <-- Ipswitch /public_html/tobi/UX Work_files main.js
2017.01.25 10:23 B C:\Users\hp\tobi\UX Work_files\mentors.html <-- Ipswitch /public_html/tobi/UX Work_files mentors.html
2017.01.25 10:23 B C:\Users\hp\tobi\UX Work_files\menu.png <-- Ipswitch /public_html/tobi/UX Work_files menu.png
2017.01.25 10:23 B C:\Users\hp\tobi\UX Work_files\responsive.css <-- Ipswitch /public_html/tobi/UX Work_files responsive.css
2017.01.25 10:23 B C:\Users\hp\tobi\UX Work_files\responsive.js <-- Ipswitch /public_html/tobi/UX Work_files responsive.js
2017.01.25 10:23 B C:\Users\hp\tobi\UX Work_files\responsive.min.css <-- Ipswitch /public_html/tobi/UX Work_files responsive.min.css
2017.01.25 10:23 B C:\Users\hp\tobi\UX Work_files\responsive.min.js <-- Ipswitch /public_html/tobi/UX Work_files responsive.min.js
2017.01.25 10:23 B C:\Users\hp\tobi\UX Work_files\sad.png <-- Ipswitch /public_html/tobi/UX Work_files sad.png
2017.01.25 10:23 B C:\Users\hp\tobi\UX Work_files\saddy.jpg <-- Ipswitch /public_html/tobi/UX Work_files saddy.jpg
2017.01.25 10:23 B C:\Users\hp\tobi\UX Work_files\summer 1.jpg <-- Ipswitch /public_html/tobi/UX Work_files summer 1.jpg
2017.01.25 10:23 B C:\Users\hp\tobi\UX Work_files\summer 2.jpg <-- Ipswitch /public_html/tobi/UX Work_files summer 2.jpg
2017.01.25 10:23 B C:\Users\hp\tobi\UX Work_files\Summer-of-Code.pdf <-- Ipswitch /public_html/tobi/UX Work_files Summer-of-Code.pdf
2017.01.25 10:23 B C:\Users\hp\tobi\UX Work_files\summer.jpg <-- Ipswitch /public_html/tobi/UX Work_files summer.jpg
2017.01.25 10:24 B C:\Users\hp\tobi\UX Work_files\summer3.jpg <-- Ipswitch /public_html/tobi/UX Work_files summer3.jpg
2017.01.25 10:24 B C:\Users\hp\tobi\UX Work_files\techempire.jpg <-- Ipswitch /public_html/tobi/UX Work_files techempire.jpg
2017.01.25 10:24 B C:\Users\hp\tobi\UX Work_files\template.html <-- Ipswitch /public_html/tobi/UX Work_files template.html
2017.01.25 10:24 B C:\Users\hp\tobi\UX Work_files\twitter.png <-- Ipswitch /public_html/tobi/UX Work_files twitter.png
2017.01.25 10:24 B C:\Users\hp\tobi\UX Work_files\wireframe.jpg <-- Ipswitch /public_html/tobi/UX Work_files wireframe.jpg
